[debug] [2023-05-30T09:04:05.020Z] ----------------------------------------------------------------------
[debug] [2023-05-30T09:04:05.023Z] Command:       C:\Program Files\nodejs\node.exe C:\Users\bhatt\AppData\Roaming\npm\node_modules\firebase-tools\lib\bin\firebase.js init hosting
[debug] [2023-05-30T09:04:05.023Z] CLI Version:   12.2.1
[debug] [2023-05-30T09:04:05.024Z] Platform:      win32
[debug] [2023-05-30T09:04:05.024Z] Node Version:  v20.0.0
[debug] [2023-05-30T09:04:05.024Z] Time:          Tue May 30 2023 14:34:05 GMT+0530 (India Standard Time)
[debug] [2023-05-30T09:04:05.024Z] ----------------------------------------------------------------------
[debug] 
[debug] [2023-05-30T09:04:05.031Z] > command requires scopes: ["email","openid","https://www.googleapis.com/auth/cloudplatformprojects.readonly","https://www.googleapis.com/auth/firebase","https://www.googleapis.com/auth/cloud-platform"]
[debug] [2023-05-30T09:04:05.032Z] > authorizing via signed-in user (apoorvtripathiaa8@gmail.com)
[info] 
     ######## #### ########  ######## ########     ###     ######  ########
     ##        ##  ##     ## ##       ##     ##  ##   ##  ##       ##
     ######    ##  ########  ######   ########  #########  ######  ######
     ##        ##  ##    ##  ##       ##     ## ##     ##       ## ##
     ##       #### ##     ## ######## ########  ##     ##  ######  ########

You're about to initialize a Firebase project in this directory:

  C:\Users\bhatt\OneDrive\Desktop\chiplet\chiplet

[info] 
=== Project Setup
[info] 
[info] First, let's associate this project directory with a Firebase project.
[info] You can create multiple project aliases by running firebase use --add, 
[info] but for now we'll just set up a default project.
[info] 
[debug] [2023-05-30T09:04:09.282Z] >>> [apiv2][query] GET https://firebase.googleapis.com/v1beta1/projects pageSize=100
[debug] [2023-05-30T09:04:10.955Z] <<< [apiv2][status] GET https://firebase.googleapis.com/v1beta1/projects 200
[debug] [2023-05-30T09:04:10.955Z] <<< [apiv2][body] GET https://firebase.googleapis.com/v1beta1/projects [omitted]
[info] i  Using project chiplet-84c3f (Chiplet) 
[info] 
=== Hosting Setup
[info] 
[info] Your public directory is the folder (relative to your project directory) that
[info] will contain Hosting assets to be uploaded with firebase deploy. If you
[info] have a build process for your assets, use your build's output directory.
[info] 
[debug] [2023-05-30T09:05:07.617Z] >>> [apiv2][query] GET https://www.gstatic.com/firebasejs/releases.json [none]
[debug] [2023-05-30T09:05:07.835Z] <<< [apiv2][status] GET https://www.gstatic.com/firebasejs/releases.json 200
[debug] [2023-05-30T09:05:07.835Z] <<< [apiv2][body] GET https://www.gstatic.com/firebasejs/releases.json {"current":{"version":"9.22.1","browserURL":"https://www.gstatic.com/firebasejs/9.22.1/firebase.js","packageURL":"https://www.gstatic.com/firebasejs/9.22.1/firebase.tgz"},"live":{"version":"9.22","browserURL":"https://www.gstatic.com/firebasejs/live/9.22/firebase.js","packageURL":"https://www.gstatic.com/firebasejs/live/9.22/firebase.tgz"},"components":{"analytics":"https://www.gstatic.com/firebasejs/9.22.1/firebase-analytics.js","app":"https://www.gstatic.com/firebasejs/9.22.1/firebase-app.js","app-check":"https://www.gstatic.com/firebasejs/9.22.1/firebase-app-check.js","auth":"https://www.gstatic.com/firebasejs/9.22.1/firebase-auth.js","auth/cordova":"https://www.gstatic.com/firebasejs/9.22.1/firebase-auth/cordova.js","auth/react-native":"https://www.gstatic.com/firebasejs/9.22.1/firebase-auth/react-native.js","functions":"https://www.gstatic.com/firebasejs/9.22.1/firebase-functions.js","firestore":"https://www.gstatic.com/firebasejs/9.22.1/firebase-firestore.js","firestore/lite":"https://www.gstatic.com/firebasejs/9.22.1/firebase-firestore/lite.js","installations":"https://www.gstatic.com/firebasejs/9.22.1/firebase-installations.js","storage":"https://www.gstatic.com/firebasejs/9.22.1/firebase-storage.js","performance":"https://www.gstatic.com/firebasejs/9.22.1/firebase-performance.js","remote-config":"https://www.gstatic.com/firebasejs/9.22.1/firebase-remote-config.js","messaging":"https://www.gstatic.com/firebasejs/9.22.1/firebase-messaging.js","messaging/sw":"https://www.gstatic.com/firebasejs/9.22.1/firebase-messaging/sw.js","database":"https://www.gstatic.com/firebasejs/9.22.1/firebase-database.js","firestore.memory":"https://www.gstatic.com/firebasejs/9.22.1/firebase-firestore.memory.js"}}
[info] i  Skipping write of public/index.html 
[info] 
[info] i  Detected a .git folder at C:\Users\bhatt\OneDrive\Desktop\chiplet\chiplet 
[info] i  Authorizing with GitHub to upload your service account to a GitHub repository's secrets store. 
[info] 
[info] Visit this URL on this device to log in:
[info] https://github.com/login/oauth/authorize?client_id=89cf50f02ac6aaed3484&state=837297781&redirect_uri=http%3A%2F%2Flocalhost%3A9005&scope=read%3Auser%20repo%20public_repo
[info] 
[info] Waiting for authentication...
[debug] [2023-05-30T09:05:11.983Z] >>> [apiv2][query] POST https://github.com/login/oauth/access_token [none]
[debug] [2023-05-30T09:05:11.983Z] >>> [apiv2][body] POST https://github.com/login/oauth/access_token [stream]
[debug] [2023-05-30T09:05:12.444Z] <<< [apiv2][status] POST https://github.com/login/oauth/access_token 200
[debug] [2023-05-30T09:05:12.444Z] <<< [apiv2][body] POST https://github.com/login/oauth/access_token {"access_token":"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","token_type":"bearer","scope":"read:user,repo"}
[debug] [2023-05-30T09:05:12.453Z] >>> [apiv2][query] GET https://api.github.com/user [none]
[debug] [2023-05-30T09:05:12.899Z] <<< [apiv2][status] GET https://api.github.com/user 200
[debug] [2023-05-30T09:05:12.899Z] <<< [apiv2][body] GET https://api.github.com/user {"login":"apoorvtripathi1999","id":46025704,"node_id":"MDQ6VXNlcjQ2MDI1NzA0","avatar_url":"https://avatars.githubusercontent.com/u/46025704?v=4","gravatar_id":"","url":"https://api.github.com/users/apoorvtripathi1999","html_url":"https://github.com/apoorvtripathi1999","followers_url":"https://api.github.com/users/apoorvtripathi1999/followers","following_url":"https://api.github.com/users/apoorvtripathi1999/following{/other_user}","gists_url":"https://api.github.com/users/apoorvtripathi1999/gists{/gist_id}","starred_url":"https://api.github.com/users/apoorvtripathi1999/starred{/owner}{/repo}","subscriptions_url":"https://api.github.com/users/apoorvtripathi1999/subscriptions","organizations_url":"https://api.github.com/users/apoorvtripathi1999/orgs","repos_url":"https://api.github.com/users/apoorvtripathi1999/repos","events_url":"https://api.github.com/users/apoorvtripathi1999/events{/privacy}","received_events_url":"https://api.github.com/users/apoorvtripathi1999/received_events","type":"User","site_admin":false,"name":"Apoorv Tripathi","company":null,"blog":"https://apoorvtripathi1999.github.io/portfolio/","location":null,"email":null,"hireable":null,"bio":null,"twitter_username":null,"public_repos":15,"public_gists":0,"followers":4,"following":13,"created_at":"2018-12-20T13:23:23Z","updated_at":"2023-05-17T19:25:47Z","private_gists":1,"total_private_repos":0,"owned_private_repos":0,"disk_usage":69290,"collaborators":0,"two_factor_authentication":false,"plan":{"name":"free","space":976562499,"collaborators":0,"private_repos":10000}}
[info] 
[info] +  Success! Logged into GitHub as apoorvtripathi1999 
[info] 
[debug] [2023-05-30T09:05:47.111Z] >>> [apiv2][query] GET https://api.github.com/repos//actions/secrets/public-key type=owner
[debug] [2023-05-30T09:05:47.624Z] <<< [apiv2][status] GET https://api.github.com/repos//actions/secrets/public-key 404
[debug] [2023-05-30T09:05:47.624Z] <<< [apiv2][body] GET https://api.github.com/repos//actions/secrets/public-key {"message":"Not Found","documentation_url":"https://docs.github.com/rest"}
[info] 
[info] 
[error] !  The provided authorization cannot be used with this repository. If this repository is in an organization, did you remember to grant access? 
[info] 
[info] i  Action required: Visit this URL to ensure access has been granted to the appropriate organization(s) for the Firebase CLI GitHub OAuth App: 
[info] https://github.com/settings/connections/applications/89cf50f02ac6aaed3484
[info] 
[debug] [2023-05-30T09:06:29.588Z] >>> [apiv2][query] GET https://api.github.com/repos/chiplet/actions/secrets/public-key type=owner
[debug] [2023-05-30T09:06:30.004Z] <<< [apiv2][status] GET https://api.github.com/repos/chiplet/actions/secrets/public-key 404
[debug] [2023-05-30T09:06:30.005Z] <<< [apiv2][body] GET https://api.github.com/repos/chiplet/actions/secrets/public-key {"message":"Not Found","documentation_url":"https://docs.github.com/rest"}
[info] 
[info] 
[error] !  The provided authorization cannot be used with this repository. If this repository is in an organization, did you remember to grant access? 
[info] 
[info] i  Action required: Visit this URL to ensure access has been granted to the appropriate organization(s) for the Firebase CLI GitHub OAuth App: 
[info] https://github.com/settings/connections/applications/89cf50f02ac6aaed3484
[info] 
[debug] [2023-05-30T09:12:18.364Z] ----------------------------------------------------------------------
[debug] [2023-05-30T09:12:18.367Z] Command:       C:\Program Files\nodejs\node.exe C:\Users\bhatt\AppData\Roaming\npm\node_modules\firebase-tools\lib\bin\firebase.js serve
[debug] [2023-05-30T09:12:18.367Z] CLI Version:   12.2.1
[debug] [2023-05-30T09:12:18.367Z] Platform:      win32
[debug] [2023-05-30T09:12:18.367Z] Node Version:  v20.0.0
[debug] [2023-05-30T09:12:18.367Z] Time:          Tue May 30 2023 14:42:18 GMT+0530 (India Standard Time)
[debug] [2023-05-30T09:12:18.367Z] ----------------------------------------------------------------------
[debug] 
[debug] [2023-05-30T09:12:18.501Z] > command requires scopes: ["email","openid","https://www.googleapis.com/auth/cloudplatformprojects.readonly","https://www.googleapis.com/auth/firebase","https://www.googleapis.com/auth/cloud-platform"]
[debug] [2023-05-30T09:12:18.502Z] > authorizing via signed-in user (apoorvtripathiaa8@gmail.com)
[debug] [2023-05-30T09:12:18.503Z] [iam] checking project chiplet-84c3f for permissions ["firebase.projects.get"]
[debug] [2023-05-30T09:12:18.506Z] >>> [apiv2][query] POST https://cloudresourcemanager.googleapis.com/v1/projects/chiplet-84c3f:testIamPermissions [none]
[debug] [2023-05-30T09:12:18.507Z] >>> [apiv2][(partial)header] POST https://cloudresourcemanager.googleapis.com/v1/projects/chiplet-84c3f:testIamPermissions x-goog-quota-user=projects/chiplet-84c3f
[debug] [2023-05-30T09:12:18.507Z] >>> [apiv2][body] POST https://cloudresourcemanager.googleapis.com/v1/projects/chiplet-84c3f:testIamPermissions {"permissions":["firebase.projects.get"]}
[debug] [2023-05-30T09:12:18.846Z] <<< [apiv2][status] POST https://cloudresourcemanager.googleapis.com/v1/projects/chiplet-84c3f:testIamPermissions 200
[debug] [2023-05-30T09:12:18.848Z] <<< [apiv2][body] POST https://cloudresourcemanager.googleapis.com/v1/projects/chiplet-84c3f:testIamPermissions {"permissions":["firebase.projects.get"]}
[debug] [2023-05-30T09:12:18.849Z] >>> [apiv2][query] GET https://firebase.googleapis.com/v1beta1/projects/chiplet-84c3f [none]
[debug] [2023-05-30T09:12:19.245Z] <<< [apiv2][status] GET https://firebase.googleapis.com/v1beta1/projects/chiplet-84c3f 200
[debug] [2023-05-30T09:12:19.246Z] <<< [apiv2][body] GET https://firebase.googleapis.com/v1beta1/projects/chiplet-84c3f {"projectId":"chiplet-84c3f","projectNumber":"275625437445","displayName":"Chiplet","name":"projects/chiplet-84c3f","resources":{"hostingSite":"chiplet-84c3f"},"state":"ACTIVE","etag":"1_2d0044f0-ec19-4205-a1aa-8672af22c743"}
[info] 
[info] === Serving from 'C:\Users\bhatt\OneDrive\Desktop\chiplet'...
[info] 
[debug] [2023-05-30T09:12:19.259Z] >>> [apiv2][query] GET https://firebasehosting.googleapis.com/v1beta1/projects/chiplet-84c3f/sites 
[debug] [2023-05-30T09:12:20.469Z] <<< [apiv2][status] GET https://firebasehosting.googleapis.com/v1beta1/projects/chiplet-84c3f/sites 200
[debug] [2023-05-30T09:12:20.469Z] <<< [apiv2][body] GET https://firebasehosting.googleapis.com/v1beta1/projects/chiplet-84c3f/sites {"sites":[{"name":"projects/chiplet-84c3f/sites/chiplet-84c3f","defaultUrl":"https://chiplet-84c3f.web.app","appId":"1:275625437445:web:2ee2186682a4146876af6c","type":"DEFAULT_SITE"}]}
[debug] [2023-05-30T09:12:20.470Z] >>> [apiv2][query] GET https://firebase.googleapis.com/v1beta1/projects/chiplet-84c3f/webApps/1:275625437445:web:2ee2186682a4146876af6c/config [none]
[debug] [2023-05-30T09:12:21.606Z] <<< [apiv2][status] GET https://firebase.googleapis.com/v1beta1/projects/chiplet-84c3f/webApps/1:275625437445:web:2ee2186682a4146876af6c/config 200
[debug] [2023-05-30T09:12:21.606Z] <<< [apiv2][body] GET https://firebase.googleapis.com/v1beta1/projects/chiplet-84c3f/webApps/1:275625437445:web:2ee2186682a4146876af6c/config {"projectId":"chiplet-84c3f","appId":"1:275625437445:web:2ee2186682a4146876af6c","storageBucket":"chiplet-84c3f.appspot.com","apiKey":"AIzaSyDas_J2ocxNe9rziNE6Iwc2ASVBorRyvsk","authDomain":"chiplet-84c3f.firebaseapp.com","messagingSenderId":"275625437445","measurementId":"G-K5ZY6Z28HC"}
[debug] [2023-05-30T09:12:21.614Z] >>> [apiv2][query] GET https://firebase.googleapis.com/v1beta1/projects/chiplet-84c3f [none]
[debug] [2023-05-30T09:12:21.926Z] <<< [apiv2][status] GET https://firebase.googleapis.com/v1beta1/projects/chiplet-84c3f 200
[debug] [2023-05-30T09:12:21.926Z] <<< [apiv2][body] GET https://firebase.googleapis.com/v1beta1/projects/chiplet-84c3f {"projectId":"chiplet-84c3f","projectNumber":"275625437445","displayName":"Chiplet","name":"projects/chiplet-84c3f","resources":{"hostingSite":"chiplet-84c3f"},"state":"ACTIVE","etag":"1_2d0044f0-ec19-4205-a1aa-8672af22c743"}
[info] i  hosting[chiplet-84c3f]: Serving hosting files from: public {"metadata":{"emulator":{"name":"hosting"},"message":"Serving hosting files from: \u001b[1mpublic\u001b[22m"}}
[info] +  hosting[chiplet-84c3f]: Local server: http://localhost:5000 {"metadata":{"emulator":{"name":"hosting"},"message":"Local server: \u001b[4m\u001b[1mhttp://localhost:5000\u001b[22m\u001b[24m"}}
[info] i  hosting: ::1 - - [30/May/2023:09:12:30 +0000] "GET / HTTP/1.1" 200 - "-" "Mozilla/5.0 (Windows NT 10.0; Win64; x64; rv:109.0) Gecko/20100101 Firefox/113.0" {"metadata":{"emulator":{"name":"hosting"},"message":"::1 - - [30/May/2023:09:12:30 +0000] \"GET / HTTP/1.1\" 200 - \"-\" \"Mozilla/5.0 (Windows NT 10.0; Win64; x64; rv:109.0) Gecko/20100101 Firefox/113.0\""}}
[debug] [2023-05-30T09:12:30.444Z] >>> [apiv2][query] GET https://www.gstatic.com/firebasejs/9.22.1/firebase-app-compat.js [none]
[debug] [2023-05-30T09:12:30.453Z] >>> [apiv2][query] GET https://www.gstatic.com/firebasejs/9.22.1/firebase-auth-compat.js [none]
[debug] [2023-05-30T09:12:30.456Z] >>> [apiv2][query] GET https://www.gstatic.com/firebasejs/9.22.1/firebase-database-compat.js [none]
[debug] [2023-05-30T09:12:30.459Z] >>> [apiv2][query] GET https://www.gstatic.com/firebasejs/9.22.1/firebase-firestore-compat.js [none]
[debug] [2023-05-30T09:12:30.462Z] >>> [apiv2][query] GET https://www.gstatic.com/firebasejs/9.22.1/firebase-functions-compat.js [none]
[debug] [2023-05-30T09:12:30.468Z] >>> [apiv2][query] GET https://www.gstatic.com/firebasejs/9.22.1/firebase-messaging-compat.js [none]
[debug] [2023-05-30T09:12:30.625Z] <<< [apiv2][status] GET https://www.gstatic.com/firebasejs/9.22.1/firebase-app-compat.js 200
[debug] [2023-05-30T09:12:30.625Z] <<< [apiv2][body] GET https://www.gstatic.com/firebasejs/9.22.1/firebase-app-compat.js [stream]
[info] i  hosting: ::1 - - [30/May/2023:09:12:30 +0000] "GET /__/firebase/9.22.1/firebase-app-compat.js HTTP/1.1" 200 9307 "http://localhost:5000/" "Mozilla/5.0 (Windows NT 10.0; Win64; x64; rv:109.0) Gecko/20100101 Firefox/113.0" {"metadata":{"emulator":{"name":"hosting"},"message":"::1 - - [30/May/2023:09:12:30 +0000] \"GET /__/firebase/9.22.1/firebase-app-compat.js HTTP/1.1\" 200 9307 \"http://localhost:5000/\" \"Mozilla/5.0 (Windows NT 10.0; Win64; x64; rv:109.0) Gecko/20100101 Firefox/113.0\""}}
[debug] [2023-05-30T09:12:30.632Z] >>> [apiv2][query] GET https://www.gstatic.com/firebasejs/9.22.1/firebase-storage-compat.js [none]
[debug] [2023-05-30T09:12:30.643Z] <<< [apiv2][status] GET https://www.gstatic.com/firebasejs/9.22.1/firebase-messaging-compat.js 200
[debug] [2023-05-30T09:12:30.644Z] <<< [apiv2][body] GET https://www.gstatic.com/firebasejs/9.22.1/firebase-messaging-compat.js [stream]
[info] i  hosting: ::1 - - [30/May/2023:09:12:30 +0000] "GET /__/firebase/9.22.1/firebase-messaging-compat.js HTTP/1.1" 200 9934 "http://localhost:5000/" "Mozilla/5.0 (Windows NT 10.0; Win64; x64; rv:109.0) Gecko/20100101 Firefox/113.0" {"metadata":{"emulator":{"name":"hosting"},"message":"::1 - - [30/May/2023:09:12:30 +0000] \"GET /__/firebase/9.22.1/firebase-messaging-compat.js HTTP/1.1\" 200 9934 \"http://localhost:5000/\" \"Mozilla/5.0 (Windows NT 10.0; Win64; x64; rv:109.0) Gecko/20100101 Firefox/113.0\""}}
[debug] [2023-05-30T09:12:30.649Z] >>> [apiv2][query] GET https://www.gstatic.com/firebasejs/9.22.1/firebase-analytics-compat.js [none]
[debug] [2023-05-30T09:12:30.655Z] <<< [apiv2][status] GET https://www.gstatic.com/firebasejs/9.22.1/firebase-auth-compat.js 200
[debug] [2023-05-30T09:12:30.655Z] <<< [apiv2][body] GET https://www.gstatic.com/firebasejs/9.22.1/firebase-auth-compat.js [stream]
[debug] [2023-05-30T09:12:30.667Z] <<< [apiv2][status] GET https://www.gstatic.com/firebasejs/9.22.1/firebase-database-compat.js 200
[debug] [2023-05-30T09:12:30.667Z] <<< [apiv2][body] GET https://www.gstatic.com/firebasejs/9.22.1/firebase-database-compat.js [stream]
[debug] [2023-05-30T09:12:30.671Z] <<< [apiv2][status] GET https://www.gstatic.com/firebasejs/9.22.1/firebase-storage-compat.js 200
[debug] [2023-05-30T09:12:30.672Z] <<< [apiv2][body] GET https://www.gstatic.com/firebasejs/9.22.1/firebase-storage-compat.js [stream]
[info] i  hosting: ::1 - - [30/May/2023:09:12:30 +0000] "GET /__/firebase/9.22.1/firebase-storage-compat.js HTTP/1.1" 200 13326 "http://localhost:5000/" "Mozilla/5.0 (Windows NT 10.0; Win64; x64; rv:109.0) Gecko/20100101 Firefox/113.0" {"metadata":{"emulator":{"name":"hosting"},"message":"::1 - - [30/May/2023:09:12:30 +0000] \"GET /__/firebase/9.22.1/firebase-storage-compat.js HTTP/1.1\" 200 13326 \"http://localhost:5000/\" \"Mozilla/5.0 (Windows NT 10.0; Win64; x64; rv:109.0) Gecko/20100101 Firefox/113.0\""}}
[debug] [2023-05-30T09:12:30.686Z] >>> [apiv2][query] GET https://www.gstatic.com/firebasejs/9.22.1/firebase-remote-config-compat.js [none]
[debug] [2023-05-30T09:12:30.688Z] <<< [apiv2][status] GET https://www.gstatic.com/firebasejs/9.22.1/firebase-analytics-compat.js 200
[debug] [2023-05-30T09:12:30.688Z] <<< [apiv2][body] GET https://www.gstatic.com/firebasejs/9.22.1/firebase-analytics-compat.js [stream]
[debug] [2023-05-30T09:12:30.692Z] <<< [apiv2][status] GET https://www.gstatic.com/firebasejs/9.22.1/firebase-firestore-compat.js 200
[debug] [2023-05-30T09:12:30.692Z] <<< [apiv2][body] GET https://www.gstatic.com/firebasejs/9.22.1/firebase-firestore-compat.js [stream]
[info] i  hosting: ::1 - - [30/May/2023:09:12:30 +0000] "GET /__/firebase/9.22.1/firebase-analytics-compat.js HTTP/1.1" 200 9216 "http://localhost:5000/" "Mozilla/5.0 (Windows NT 10.0; Win64; x64; rv:109.0) Gecko/20100101 Firefox/113.0" {"metadata":{"emulator":{"name":"hosting"},"message":"::1 - - [30/May/2023:09:12:30 +0000] \"GET /__/firebase/9.22.1/firebase-analytics-compat.js HTTP/1.1\" 200 9216 \"http://localhost:5000/\" \"Mozilla/5.0 (Windows NT 10.0; Win64; x64; rv:109.0) Gecko/20100101 Firefox/113.0\""}}
[debug] [2023-05-30T09:12:30.698Z] <<< [apiv2][status] GET https://www.gstatic.com/firebasejs/9.22.1/firebase-functions-compat.js 200
[debug] [2023-05-30T09:12:30.698Z] <<< [apiv2][body] GET https://www.gstatic.com/firebasejs/9.22.1/firebase-functions-compat.js [stream]
[info] i  hosting: ::1 - - [30/May/2023:09:12:30 +0000] "GET /__/firebase/9.22.1/firebase-functions-compat.js HTTP/1.1" 200 3252 "http://localhost:5000/" "Mozilla/5.0 (Windows NT 10.0; Win64; x64; rv:109.0) Gecko/20100101 Firefox/113.0" {"metadata":{"emulator":{"name":"hosting"},"message":"::1 - - [30/May/2023:09:12:30 +0000] \"GET /__/firebase/9.22.1/firebase-functions-compat.js HTTP/1.1\" 200 3252 \"http://localhost:5000/\" \"Mozilla/5.0 (Windows NT 10.0; Win64; x64; rv:109.0) Gecko/20100101 Firefox/113.0\""}}
[debug] [2023-05-30T09:12:30.701Z] >>> [apiv2][query] GET https://www.gstatic.com/firebasejs/9.22.1/firebase-performance-compat.js [none]
[info] i  hosting: ::1 - - [30/May/2023:09:12:30 +0000] "GET /__/firebase/init.js?useEmulator=true HTTP/1.1" 200 - "http://localhost:5000/" "Mozilla/5.0 (Windows NT 10.0; Win64; x64; rv:109.0) Gecko/20100101 Firefox/113.0" {"metadata":{"emulator":{"name":"hosting"},"message":"::1 - - [30/May/2023:09:12:30 +0000] \"GET /__/firebase/init.js?useEmulator=true HTTP/1.1\" 200 - \"http://localhost:5000/\" \"Mozilla/5.0 (Windows NT 10.0; Win64; x64; rv:109.0) Gecko/20100101 Firefox/113.0\""}}
[info] i  hosting: ::1 - - [30/May/2023:09:12:30 +0000] "GET /__/firebase/9.22.1/firebase-auth-compat.js HTTP/1.1" 200 38084 "http://localhost:5000/" "Mozilla/5.0 (Windows NT 10.0; Win64; x64; rv:109.0) Gecko/20100101 Firefox/113.0" {"metadata":{"emulator":{"name":"hosting"},"message":"::1 - - [30/May/2023:09:12:30 +0000] \"GET /__/firebase/9.22.1/firebase-auth-compat.js HTTP/1.1\" 200 38084 \"http://localhost:5000/\" \"Mozilla/5.0 (Windows NT 10.0; Win64; x64; rv:109.0) Gecko/20100101 Firefox/113.0\""}}
[debug] [2023-05-30T09:12:30.722Z] <<< [apiv2][status] GET https://www.gstatic.com/firebasejs/9.22.1/firebase-remote-config-compat.js 200
[debug] [2023-05-30T09:12:30.723Z] <<< [apiv2][body] GET https://www.gstatic.com/firebasejs/9.22.1/firebase-remote-config-compat.js [stream]
[info] i  hosting: ::1 - - [30/May/2023:09:12:30 +0000] "GET /__/firebase/9.22.1/firebase-remote-config-compat.js HTTP/1.1" 200 8814 "http://localhost:5000/" "Mozilla/5.0 (Windows NT 10.0; Win64; x64; rv:109.0) Gecko/20100101 Firefox/113.0" {"metadata":{"emulator":{"name":"hosting"},"message":"::1 - - [30/May/2023:09:12:30 +0000] \"GET /__/firebase/9.22.1/firebase-remote-config-compat.js HTTP/1.1\" 200 8814 \"http://localhost:5000/\" \"Mozilla/5.0 (Windows NT 10.0; Win64; x64; rv:109.0) Gecko/20100101 Firefox/113.0\""}}
[info] i  hosting: ::1 - - [30/May/2023:09:12:30 +0000] "GET /__/firebase/9.22.1/firebase-database-compat.js HTTP/1.1" 200 47924 "http://localhost:5000/" "Mozilla/5.0 (Windows NT 10.0; Win64; x64; rv:109.0) Gecko/20100101 Firefox/113.0" {"metadata":{"emulator":{"name":"hosting"},"message":"::1 - - [30/May/2023:09:12:30 +0000] \"GET /__/firebase/9.22.1/firebase-database-compat.js HTTP/1.1\" 200 47924 \"http://localhost:5000/\" \"Mozilla/5.0 (Windows NT 10.0; Win64; x64; rv:109.0) Gecko/20100101 Firefox/113.0\""}}
[debug] [2023-05-30T09:12:30.758Z] <<< [apiv2][status] GET https://www.gstatic.com/firebasejs/9.22.1/firebase-performance-compat.js 200
[debug] [2023-05-30T09:12:30.758Z] <<< [apiv2][body] GET https://www.gstatic.com/firebasejs/9.22.1/firebase-performance-compat.js [stream]
[info] i  hosting: ::1 - - [30/May/2023:09:12:30 +0000] "GET /__/firebase/9.22.1/firebase-performance-compat.js HTTP/1.1" 200 10253 "http://localhost:5000/" "Mozilla/5.0 (Windows NT 10.0; Win64; x64; rv:109.0) Gecko/20100101 Firefox/113.0" {"metadata":{"emulator":{"name":"hosting"},"message":"::1 - - [30/May/2023:09:12:30 +0000] \"GET /__/firebase/9.22.1/firebase-performance-compat.js HTTP/1.1\" 200 10253 \"http://localhost:5000/\" \"Mozilla/5.0 (Windows NT 10.0; Win64; x64; rv:109.0) Gecko/20100101 Firefox/113.0\""}}
[info] i  hosting: ::1 - - [30/May/2023:09:12:30 +0000] "GET /__/firebase/9.22.1/firebase-firestore-compat.js HTTP/1.1" 200 100742 "http://localhost:5000/" "Mozilla/5.0 (Windows NT 10.0; Win64; x64; rv:109.0) Gecko/20100101 Firefox/113.0" {"metadata":{"emulator":{"name":"hosting"},"message":"::1 - - [30/May/2023:09:12:30 +0000] \"GET /__/firebase/9.22.1/firebase-firestore-compat.js HTTP/1.1\" 200 100742 \"http://localhost:5000/\" \"Mozilla/5.0 (Windows NT 10.0; Win64; x64; rv:109.0) Gecko/20100101 Firefox/113.0\""}}
[info] i  hosting: ::1 - - [30/May/2023:09:12:30 +0000] "GET /favicon.ico HTTP/1.1" 404 - "http://localhost:5000/" "Mozilla/5.0 (Windows NT 10.0; Win64; x64; rv:109.0) Gecko/20100101 Firefox/113.0" {"metadata":{"emulator":{"name":"hosting"},"message":"::1 - - [30/May/2023:09:12:30 +0000] \"GET /favicon.ico HTTP/1.1\" 404 - \"http://localhost:5000/\" \"Mozilla/5.0 (Windows NT 10.0; Win64; x64; rv:109.0) Gecko/20100101 Firefox/113.0\""}}
[info] i  hosting: ::1 - - [30/May/2023:09:12:40 +0000] "GET /chiplet HTTP/1.1" 404 - "-" "Mozilla/5.0 (Windows NT 10.0; Win64; x64; rv:109.0) Gecko/20100101 Firefox/113.0" {"metadata":{"emulator":{"name":"hosting"},"message":"::1 - - [30/May/2023:09:12:40 +0000] \"GET /chiplet HTTP/1.1\" 404 - \"-\" \"Mozilla/5.0 (Windows NT 10.0; Win64; x64; rv:109.0) Gecko/20100101 Firefox/113.0\""}}
